<?xml version="1.0" encoding="UTF-8"?>
<coverage generated="1778558958968" clover="3.2.0">
  <project timestamp="1778558958968" name="All files">
    <metrics statements="82" coveredstatements="80" conditionals="15" coveredconditionals="10" methods="23" coveredmethods="21" elements="120" coveredelements="111" complexity="0" loc="82" ncloc="82" packages="1" files="1" classes="1"/>
    <file name="pageLoader.js" path="/home/pipemontoya/proyectos/fullstack-javascript-project-138/src/pageLoader.js">
      <metrics statements="82" coveredstatements="80" conditionals="15" coveredconditionals="10" methods="23" coveredmethods="21"/>
      <line num="8" count="1" type="stmt"/>
      <line num="10" count="1" type="stmt"/>
      <line num="11" count="10" type="stmt"/>
      <line num="13" count="10" type="stmt"/>
      <line num="15" count="10" type="stmt"/>
      <line num="20" count="10" type="stmt"/>
      <line num="23" count="1" type="stmt"/>
      <line num="24" count="5" type="stmt"/>
      <line num="27" count="1" type="stmt"/>
      <line num="28" count="3" type="stmt"/>
      <line num="30" count="3" type="cond" truecount="1" falsecount="1"/>
      <line num="32" count="3" type="stmt"/>
      <line num="34" count="3" type="stmt"/>
      <line num="39" count="3" type="stmt"/>
      <line num="40" count="3" type="stmt"/>
      <line num="42" count="3" type="stmt"/>
      <line num="45" count="1" type="stmt"/>
      <line num="46" count="3" type="stmt"/>
      <line num="48" count="3" type="stmt"/>
      <line num="50" count="3" type="stmt"/>
      <line num="54" count="0" type="stmt"/>
      <line num="57" count="3" type="stmt"/>
      <line num="61" count="1" type="stmt"/>
      <line num="62" count="4" type="stmt"/>
      <line num="64" count="3" type="stmt"/>
      <line num="67" count="4" type="stmt"/>
      <line num="71" count="4" type="stmt"/>
      <line num="74" count="1" type="stmt"/>
      <line num="75" count="5" type="stmt"/>
      <line num="76" count="5" type="stmt"/>
      <line num="77" count="5" type="stmt"/>
      <line num="79" count="5" type="stmt"/>
      <line num="81" count="5" type="stmt"/>
      <line num="82" count="5" type="stmt"/>
      <line num="83" count="5" type="stmt"/>
      <line num="85" count="5" type="stmt"/>
      <line num="88" count="5" type="stmt"/>
      <line num="89" count="2" type="stmt"/>
      <line num="91" count="2" type="cond" truecount="2" falsecount="0"/>
      <line num="93" count="1" type="stmt"/>
      <line num="95" count="1" type="cond" truecount="1" falsecount="1"/>
      <line num="97" count="1" type="stmt"/>
      <line num="99" count="1" type="stmt"/>
      <line num="107" count="5" type="stmt"/>
      <line num="108" count="2" type="stmt"/>
      <line num="110" count="2" type="cond" truecount="1" falsecount="1"/>
      <line num="112" count="2" type="stmt"/>
      <line num="114" count="2" type="cond" truecount="2" falsecount="0"/>
      <line num="116" count="1" type="stmt"/>
      <line num="118" count="1" type="stmt"/>
      <line num="126" count="5" type="stmt"/>
      <line num="127" count="2" type="stmt"/>
      <line num="129" count="2" type="cond" truecount="1" falsecount="1"/>
      <line num="131" count="2" type="stmt"/>
      <line num="133" count="2" type="cond" truecount="2" falsecount="0"/>
      <line num="135" count="1" type="stmt"/>
      <line num="137" count="1" type="stmt"/>
      <line num="145" count="5" type="stmt"/>
      <line num="148" count="1" type="cond" truecount="0" falsecount="1"/>
      <line num="149" count="6" type="stmt"/>
      <line num="151" count="6" type="stmt"/>
      <line num="153" count="1" type="stmt"/>
      <line num="156" count="5" type="stmt"/>
      <line num="158" count="5" type="stmt"/>
      <line num="160" count="5" type="stmt"/>
      <line num="161" count="5" type="stmt"/>
      <line num="163" count="5" type="stmt"/>
      <line num="164" count="5" type="stmt"/>
      <line num="166" count="5" type="stmt"/>
      <line num="168" count="5" type="stmt"/>
      <line num="170" count="5" type="stmt"/>
      <line num="172" count="5" type="stmt"/>
      <line num="174" count="1" type="stmt"/>
      <line num="176" count="4" type="stmt"/>
      <line num="178" count="4" type="stmt"/>
      <line num="179" count="3" type="stmt"/>
      <line num="181" count="3" type="stmt"/>
      <line num="184" count="4" type="stmt"/>
      <line num="186" count="4" type="stmt"/>
      <line num="188" count="4" type="stmt"/>
      <line num="190" count="0" type="stmt"/>
      <line num="193" count="4" type="stmt"/>
    </file>
  </project>
</coverage>
