{"/home/pipemontoya/proyectos/fullstack-javascript-project-138/src/pageLoader.js": {"path":"/home/pipemontoya/proyectos/fullstack-javascript-project-138/src/pageLoader.js","statementMap":{"0":{"start":{"line":7,"column":12},"end":{"line":7,"column":32}},"1":{"start":{"line":9,"column":21},"end":{"line":20,"column":1}},"2":{"start":{"line":10,"column":35},"end":{"line":10,"column":47}},"3":{"start":{"line":12,"column":16},"end":{"line":12,"column":40}},"4":{"start":{"line":14,"column":23},"end":{"line":17,"column":30}},"5":{"start":{"line":19,"column":4},"end":{"line":19,"column":32}},"6":{"start":{"line":22,"column":20},"end":{"line":24,"column":1}},"7":{"start":{"line":23,"column":4},"end":{"line":23,"column":56}},"8":{"start":{"line":26,"column":22},"end":{"line":42,"column":1}},"9":{"start":{"line":27,"column":35},"end":{"line":27,"column":47}},"10":{"start":{"line":29,"column":16},"end":{"line":29,"column":38}},"11":{"start":{"line":31,"column":16},"end":{"line":31,"column":57}},"12":{"start":{"line":33,"column":23},"end":{"line":36,"column":30}},"13":{"start":{"line":38,"column":22},"end":{"line":38,"column":25}},"14":{"start":{"line":39,"column":20},"end":{"line":39,"column":50}},"15":{"start":{"line":41,"column":4},"end":{"line":41,"column":30}},"16":{"start":{"line":44,"column":19},"end":{"line":164,"column":1}},"17":{"start":{"line":45,"column":4},"end":{"line":45,"column":39}},"18":{"start":{"line":47,"column":4},"end":{"line":163,"column":11}},"19":{"start":{"line":49,"column":25},"end":{"line":49,"column":38}},"20":{"start":{"line":51,"column":12},"end":{"line":51,"column":31}},"21":{"start":{"line":53,"column":29},"end":{"line":53,"column":46}},"22":{"start":{"line":54,"column":29},"end":{"line":54,"column":59}},"23":{"start":{"line":56,"column":28},"end":{"line":56,"column":44}},"24":{"start":{"line":57,"column":28},"end":{"line":57,"column":57}},"25":{"start":{"line":59,"column":22},"end":{"line":59,"column":40}},"26":{"start":{"line":61,"column":32},"end":{"line":61,"column":40}},"27":{"start":{"line":62,"column":33},"end":{"line":62,"column":42}},"28":{"start":{"line":63,"column":35},"end":{"line":63,"column":46}},"29":{"start":{"line":65,"column":30},"end":{"line":65,"column":32}},"30":{"start":{"line":67,"column":28},"end":{"line":73,"column":13}},"31":{"start":{"line":68,"column":33},"end":{"line":68,"column":62}},"32":{"start":{"line":69,"column":29},"end":{"line":69,"column":45}},"33":{"start":{"line":71,"column":16},"end":{"line":72,"column":71}},"34":{"start":{"line":75,"column":12},"end":{"line":92,"column":15}},"35":{"start":{"line":76,"column":28},"end":{"line":76,"column":45}},"36":{"start":{"line":78,"column":16},"end":{"line":78,"column":33}},"37":{"start":{"line":78,"column":26},"end":{"line":78,"column":33}},"38":{"start":{"line":80,"column":32},"end":{"line":80,"column":54}},"39":{"start":{"line":82,"column":16},"end":{"line":82,"column":51}},"40":{"start":{"line":82,"column":44},"end":{"line":82,"column":51}},"41":{"start":{"line":84,"column":29},"end":{"line":84,"column":51}},"42":{"start":{"line":86,"column":16},"end":{"line":91,"column":19}},"43":{"start":{"line":94,"column":12},"end":{"line":111,"column":15}},"44":{"start":{"line":95,"column":29},"end":{"line":95,"column":47}},"45":{"start":{"line":97,"column":16},"end":{"line":97,"column":34}},"46":{"start":{"line":97,"column":27},"end":{"line":97,"column":34}},"47":{"start":{"line":99,"column":32},"end":{"line":99,"column":55}},"48":{"start":{"line":101,"column":16},"end":{"line":101,"column":51}},"49":{"start":{"line":101,"column":44},"end":{"line":101,"column":51}},"50":{"start":{"line":103,"column":29},"end":{"line":103,"column":51}},"51":{"start":{"line":105,"column":16},"end":{"line":110,"column":19}},"52":{"start":{"line":113,"column":12},"end":{"line":130,"column":15}},"53":{"start":{"line":114,"column":28},"end":{"line":114,"column":45}},"54":{"start":{"line":116,"column":16},"end":{"line":116,"column":33}},"55":{"start":{"line":116,"column":26},"end":{"line":116,"column":33}},"56":{"start":{"line":118,"column":32},"end":{"line":118,"column":54}},"57":{"start":{"line":120,"column":16},"end":{"line":120,"column":51}},"58":{"start":{"line":120,"column":44},"end":{"line":120,"column":51}},"59":{"start":{"line":122,"column":29},"end":{"line":122,"column":51}},"60":{"start":{"line":124,"column":16},"end":{"line":129,"column":19}},"61":{"start":{"line":132,"column":12},"end":{"line":132,"column":56}},"62":{"start":{"line":134,"column":12},"end":{"line":162,"column":38}},"63":{"start":{"line":135,"column":28},"end":{"line":148,"column":17}},"64":{"start":{"line":137,"column":24},"end":{"line":137,"column":64}},"65":{"start":{"line":139,"column":24},"end":{"line":146,"column":31}},"66":{"start":{"line":143,"column":53},"end":{"line":143,"column":81}},"67":{"start":{"line":145,"column":32},"end":{"line":145,"column":74}},"68":{"start":{"line":150,"column":20},"end":{"line":154,"column":23}},"69":{"start":{"line":151,"column":42},"end":{"line":151,"column":70}},"70":{"start":{"line":153,"column":24},"end":{"line":153,"column":65}},"71":{"start":{"line":156,"column":20},"end":{"line":156,"column":52}},"72":{"start":{"line":158,"column":40},"end":{"line":158,"column":48}},"73":{"start":{"line":160,"column":20},"end":{"line":160,"column":63}},"74":{"start":{"line":162,"column":28},"end":{"line":162,"column":36}}},"fnMap":{"0":{"name":"(anonymous_0)","decl":{"start":{"line":9,"column":21},"end":{"line":9,"column":22}},"loc":{"start":{"line":9,"column":30},"end":{"line":20,"column":1}},"line":9},"1":{"name":"(anonymous_1)","decl":{"start":{"line":22,"column":20},"end":{"line":22,"column":21}},"loc":{"start":{"line":22,"column":29},"end":{"line":24,"column":1}},"line":22},"2":{"name":"(anonymous_2)","decl":{"start":{"line":26,"column":22},"end":{"line":26,"column":23}},"loc":{"start":{"line":26,"column":31},"end":{"line":42,"column":1}},"line":26},"3":{"name":"(anonymous_3)","decl":{"start":{"line":44,"column":19},"end":{"line":44,"column":20}},"loc":{"start":{"line":44,"column":55},"end":{"line":164,"column":1}},"line":44},"4":{"name":"(anonymous_4)","decl":{"start":{"line":48,"column":14},"end":{"line":48,"column":15}},"loc":{"start":{"line":48,"column":28},"end":{"line":163,"column":9}},"line":48},"5":{"name":"(anonymous_5)","decl":{"start":{"line":67,"column":28},"end":{"line":67,"column":29}},"loc":{"start":{"line":67,"column":54},"end":{"line":73,"column":13}},"line":67},"6":{"name":"(anonymous_6)","decl":{"start":{"line":75,"column":29},"end":{"line":75,"column":30}},"loc":{"start":{"line":75,"column":40},"end":{"line":92,"column":13}},"line":75},"7":{"name":"(anonymous_7)","decl":{"start":{"line":94,"column":30},"end":{"line":94,"column":31}},"loc":{"start":{"line":94,"column":41},"end":{"line":111,"column":13}},"line":94},"8":{"name":"(anonymous_8)","decl":{"start":{"line":113,"column":32},"end":{"line":113,"column":33}},"loc":{"start":{"line":113,"column":43},"end":{"line":130,"column":13}},"line":113},"9":{"name":"(anonymous_9)","decl":{"start":{"line":135,"column":22},"end":{"line":135,"column":23}},"loc":{"start":{"line":135,"column":28},"end":{"line":148,"column":17}},"line":135},"10":{"name":"(anonymous_10)","decl":{"start":{"line":136,"column":34},"end":{"line":136,"column":35}},"loc":{"start":{"line":136,"column":43},"end":{"line":147,"column":21}},"line":136},"11":{"name":"(anonymous_11)","decl":{"start":{"line":142,"column":34},"end":{"line":142,"column":35}},"loc":{"start":{"line":142,"column":41},"end":{"line":146,"column":29}},"line":142},"12":{"name":"(anonymous_12)","decl":{"start":{"line":149,"column":22},"end":{"line":149,"column":23}},"loc":{"start":{"line":149,"column":28},"end":{"line":161,"column":17}},"line":149},"13":{"name":"(anonymous_13)","decl":{"start":{"line":150,"column":38},"end":{"line":150,"column":39}},"loc":{"start":{"line":150,"column":47},"end":{"line":154,"column":21}},"line":150},"14":{"name":"(anonymous_14)","decl":{"start":{"line":162,"column":22},"end":{"line":162,"column":23}},"loc":{"start":{"line":162,"column":28},"end":{"line":162,"column":36}},"line":162}},"branchMap":{"0":{"loc":{"start":{"line":44,"column":25},"end":{"line":44,"column":50}},"type":"default-arg","locations":[{"start":{"line":44,"column":37},"end":{"line":44,"column":50}}],"line":44},"1":{"loc":{"start":{"line":71,"column":23},"end":{"line":72,"column":70}},"type":"binary-expr","locations":[{"start":{"line":71,"column":23},"end":{"line":71,"column":58}},{"start":{"line":72,"column":23},"end":{"line":72,"column":70}}],"line":71},"2":{"loc":{"start":{"line":78,"column":16},"end":{"line":78,"column":33}},"type":"if","locations":[{"start":{"line":78,"column":16},"end":{"line":78,"column":33}},{"start":{},"end":{}}],"line":78},"3":{"loc":{"start":{"line":82,"column":16},"end":{"line":82,"column":51}},"type":"if","locations":[{"start":{"line":82,"column":16},"end":{"line":82,"column":51}},{"start":{},"end":{}}],"line":82},"4":{"loc":{"start":{"line":97,"column":16},"end":{"line":97,"column":34}},"type":"if","locations":[{"start":{"line":97,"column":16},"end":{"line":97,"column":34}},{"start":{},"end":{}}],"line":97},"5":{"loc":{"start":{"line":101,"column":16},"end":{"line":101,"column":51}},"type":"if","locations":[{"start":{"line":101,"column":16},"end":{"line":101,"column":51}},{"start":{},"end":{}}],"line":101},"6":{"loc":{"start":{"line":116,"column":16},"end":{"line":116,"column":33}},"type":"if","locations":[{"start":{"line":116,"column":16},"end":{"line":116,"column":33}},{"start":{},"end":{}}],"line":116},"7":{"loc":{"start":{"line":120,"column":16},"end":{"line":120,"column":51}},"type":"if","locations":[{"start":{"line":120,"column":16},"end":{"line":120,"column":51}},{"start":{},"end":{}}],"line":120}},"s":{"0":1,"1":1,"2":8,"3":8,"4":8,"5":8,"6":1,"7":4,"8":1,"9":3,"10":3,"11":3,"12":3,"13":3,"14":3,"15":3,"16":1,"17":4,"18":4,"19":4,"20":4,"21":4,"22":4,"23":4,"24":4,"25":4,"26":4,"27":4,"28":4,"29":4,"30":4,"31":5,"32":5,"33":5,"34":4,"35":2,"36":2,"37":1,"38":1,"39":1,"40":0,"41":1,"42":1,"43":4,"44":2,"45":2,"46":0,"47":2,"48":2,"49":1,"50":1,"51":1,"52":4,"53":2,"54":2,"55":0,"56":2,"57":2,"58":1,"59":1,"60":1,"61":4,"62":4,"63":4,"64":3,"65":3,"66":3,"67":3,"68":4,"69":3,"70":3,"71":4,"72":4,"73":4,"74":4},"f":{"0":8,"1":4,"2":3,"3":4,"4":4,"5":5,"6":2,"7":2,"8":2,"9":4,"10":3,"11":3,"12":4,"13":3,"14":4},"b":{"0":[0],"1":[5,2],"2":[1,1],"3":[0,1],"4":[0,2],"5":[1,1],"6":[0,2],"7":[1,1]},"inputSourceMap":null,"_coverageSchema":"1a1c01bbd47fc00a2c39e90264f33305004495a9","hash":"cad6163227be32a509b1bf51995c36a4a0994f0b"}
}
