{"/home/pipemontoya/proyectos/fullstack-javascript-project-138/src/pageLoader.js": {"path":"/home/pipemontoya/proyectos/fullstack-javascript-project-138/src/pageLoader.js","statementMap":{"0":{"start":{"line":7,"column":21},"end":{"line":24,"column":1}},"1":{"start":{"line":8,"column":33},"end":{"line":8,"column":45}},"2":{"start":{"line":10,"column":14},"end":{"line":10,"column":36}},"3":{"start":{"line":12,"column":14},"end":{"line":12,"column":55}},"4":{"start":{"line":14,"column":21},"end":{"line":17,"column":26}},"5":{"start":{"line":19,"column":20},"end":{"line":19,"column":23}},"6":{"start":{"line":21,"column":18},"end":{"line":21,"column":48}},"7":{"start":{"line":23,"column":2},"end":{"line":23,"column":27}},"8":{"start":{"line":27,"column":20},"end":{"line":29,"column":1}},"9":{"start":{"line":28,"column":2},"end":{"line":28,"column":54}},"10":{"start":{"line":32,"column":22},"end":{"line":49,"column":1}},"11":{"start":{"line":33,"column":33},"end":{"line":33,"column":45}},"12":{"start":{"line":35,"column":14},"end":{"line":35,"column":36}},"13":{"start":{"line":37,"column":14},"end":{"line":37,"column":55}},"14":{"start":{"line":39,"column":21},"end":{"line":42,"column":26}},"15":{"start":{"line":44,"column":20},"end":{"line":44,"column":23}},"16":{"start":{"line":46,"column":18},"end":{"line":46,"column":48}},"17":{"start":{"line":48,"column":2},"end":{"line":48,"column":28}},"18":{"start":{"line":51,"column":19},"end":{"line":109,"column":1}},"19":{"start":{"line":52,"column":2},"end":{"line":108,"column":7}},"20":{"start":{"line":54,"column":19},"end":{"line":54,"column":32}},"21":{"start":{"line":56,"column":23},"end":{"line":56,"column":40}},"22":{"start":{"line":57,"column":23},"end":{"line":57,"column":53}},"23":{"start":{"line":59,"column":22},"end":{"line":59,"column":38}},"24":{"start":{"line":60,"column":22},"end":{"line":60,"column":51}},"25":{"start":{"line":62,"column":16},"end":{"line":62,"column":34}},"26":{"start":{"line":64,"column":26},"end":{"line":64,"column":34}},"27":{"start":{"line":66,"column":21},"end":{"line":66,"column":23}},"28":{"start":{"line":68,"column":6},"end":{"line":85,"column":9}},"29":{"start":{"line":69,"column":20},"end":{"line":69,"column":37}},"30":{"start":{"line":71,"column":8},"end":{"line":71,"column":25}},"31":{"start":{"line":71,"column":18},"end":{"line":71,"column":25}},"32":{"start":{"line":73,"column":25},"end":{"line":73,"column":47}},"33":{"start":{"line":75,"column":26},"end":{"line":75,"column":49}},"34":{"start":{"line":77,"column":26},"end":{"line":77,"column":55}},"35":{"start":{"line":79,"column":8},"end":{"line":84,"column":11}},"36":{"start":{"line":88,"column":6},"end":{"line":107,"column":30}},"37":{"start":{"line":89,"column":20},"end":{"line":96,"column":9}},"38":{"start":{"line":90,"column":30},"end":{"line":95,"column":12}},"39":{"start":{"line":93,"column":33},"end":{"line":93,"column":61}},"40":{"start":{"line":94,"column":12},"end":{"line":94,"column":56}},"41":{"start":{"line":99,"column":10},"end":{"line":101,"column":13}},"42":{"start":{"line":100,"column":12},"end":{"line":100,"column":54}},"43":{"start":{"line":103,"column":30},"end":{"line":103,"column":38}},"44":{"start":{"line":105,"column":10},"end":{"line":105,"column":53}},"45":{"start":{"line":107,"column":20},"end":{"line":107,"column":28}}},"fnMap":{"0":{"name":"(anonymous_0)","decl":{"start":{"line":7,"column":21},"end":{"line":7,"column":22}},"loc":{"start":{"line":7,"column":30},"end":{"line":24,"column":1}},"line":7},"1":{"name":"(anonymous_1)","decl":{"start":{"line":27,"column":20},"end":{"line":27,"column":21}},"loc":{"start":{"line":27,"column":29},"end":{"line":29,"column":1}},"line":27},"2":{"name":"(anonymous_2)","decl":{"start":{"line":32,"column":22},"end":{"line":32,"column":23}},"loc":{"start":{"line":32,"column":31},"end":{"line":49,"column":1}},"line":32},"3":{"name":"(anonymous_3)","decl":{"start":{"line":51,"column":19},"end":{"line":51,"column":20}},"loc":{"start":{"line":51,"column":55},"end":{"line":109,"column":1}},"line":51},"4":{"name":"(anonymous_4)","decl":{"start":{"line":53,"column":10},"end":{"line":53,"column":11}},"loc":{"start":{"line":53,"column":24},"end":{"line":108,"column":5}},"line":53},"5":{"name":"(anonymous_5)","decl":{"start":{"line":68,"column":23},"end":{"line":68,"column":24}},"loc":{"start":{"line":68,"column":34},"end":{"line":85,"column":7}},"line":68},"6":{"name":"(anonymous_6)","decl":{"start":{"line":89,"column":14},"end":{"line":89,"column":15}},"loc":{"start":{"line":89,"column":20},"end":{"line":96,"column":9}},"line":89},"7":{"name":"(anonymous_7)","decl":{"start":{"line":90,"column":21},"end":{"line":90,"column":22}},"loc":{"start":{"line":90,"column":30},"end":{"line":95,"column":12}},"line":90},"8":{"name":"(anonymous_8)","decl":{"start":{"line":92,"column":18},"end":{"line":92,"column":19}},"loc":{"start":{"line":92,"column":27},"end":{"line":95,"column":11}},"line":92},"9":{"name":"(anonymous_9)","decl":{"start":{"line":97,"column":14},"end":{"line":97,"column":15}},"loc":{"start":{"line":97,"column":20},"end":{"line":106,"column":9}},"line":97},"10":{"name":"(anonymous_10)","decl":{"start":{"line":99,"column":25},"end":{"line":99,"column":26}},"loc":{"start":{"line":99,"column":34},"end":{"line":101,"column":11}},"line":99},"11":{"name":"(anonymous_11)","decl":{"start":{"line":107,"column":14},"end":{"line":107,"column":15}},"loc":{"start":{"line":107,"column":20},"end":{"line":107,"column":28}},"line":107}},"branchMap":{"0":{"loc":{"start":{"line":51,"column":25},"end":{"line":51,"column":50}},"type":"default-arg","locations":[{"start":{"line":51,"column":37},"end":{"line":51,"column":50}}],"line":51},"1":{"loc":{"start":{"line":71,"column":8},"end":{"line":71,"column":25}},"type":"if","locations":[{"start":{"line":71,"column":8},"end":{"line":71,"column":25}},{"start":{},"end":{}}],"line":71}},"s":{"0":1,"1":6,"2":6,"3":6,"4":6,"5":6,"6":6,"7":6,"8":1,"9":3,"10":1,"11":1,"12":1,"13":1,"14":1,"15":1,"16":1,"17":1,"18":1,"19":3,"20":3,"21":3,"22":3,"23":3,"24":3,"25":3,"26":3,"27":3,"28":3,"29":2,"30":2,"31":1,"32":1,"33":1,"34":1,"35":1,"36":3,"37":3,"38":1,"39":1,"40":1,"41":3,"42":1,"43":3,"44":3,"45":3},"f":{"0":6,"1":3,"2":1,"3":3,"4":3,"5":2,"6":3,"7":1,"8":1,"9":3,"10":1,"11":3},"b":{"0":[0],"1":[1,1]},"inputSourceMap":null,"_coverageSchema":"1a1c01bbd47fc00a2c39e90264f33305004495a9","hash":"31684c85bb6ed400bd39881a9e3712a0ced21152"}
}
