TN:
SF:src/pageLoader.js
FN:10,(anonymous_0)
FN:23,(anonymous_1)
FN:27,(anonymous_2)
FN:45,(anonymous_3)
FN:53,(anonymous_4)
FN:56,(anonymous_5)
FN:61,(anonymous_6)
FN:62,(anonymous_7)
FN:64,(anonymous_8)
FN:74,(anonymous_9)
FN:81,(anonymous_10)
FN:88,(anonymous_11)
FN:107,(anonymous_12)
FN:126,(anonymous_13)
FN:148,(anonymous_14)
FN:152,(anonymous_15)
FN:155,(anonymous_16)
FN:173,(anonymous_17)
FN:176,(anonymous_18)
FN:177,(anonymous_19)
FN:178,(anonymous_20)
FN:189,(anonymous_21)
FN:193,(anonymous_22)
FNF:23
FNH:21
FNDA:10,(anonymous_0)
FNDA:5,(anonymous_1)
FNDA:3,(anonymous_2)
FNDA:3,(anonymous_3)
FNDA:0,(anonymous_4)
FNDA:3,(anonymous_5)
FNDA:4,(anonymous_6)
FNDA:3,(anonymous_7)
FNDA:3,(anonymous_8)
FNDA:5,(anonymous_9)
FNDA:5,(anonymous_10)
FNDA:2,(anonymous_11)
FNDA:2,(anonymous_12)
FNDA:2,(anonymous_13)
FNDA:6,(anonymous_14)
FNDA:1,(anonymous_15)
FNDA:5,(anonymous_16)
FNDA:1,(anonymous_17)
FNDA:4,(anonymous_18)
FNDA:4,(anonymous_19)
FNDA:3,(anonymous_20)
FNDA:0,(anonymous_21)
FNDA:4,(anonymous_22)
DA:8,1
DA:10,1
DA:11,10
DA:13,10
DA:15,10
DA:20,10
DA:23,1
DA:24,5
DA:27,1
DA:28,3
DA:30,3
DA:32,3
DA:34,3
DA:39,3
DA:40,3
DA:42,3
DA:45,1
DA:46,3
DA:48,3
DA:50,3
DA:54,0
DA:57,3
DA:61,1
DA:62,4
DA:64,3
DA:67,4
DA:71,4
DA:74,1
DA:75,5
DA:76,5
DA:77,5
DA:79,5
DA:81,5
DA:82,5
DA:83,5
DA:85,5
DA:88,5
DA:89,2
DA:91,2
DA:93,1
DA:95,1
DA:97,1
DA:99,1
DA:107,5
DA:108,2
DA:110,2
DA:112,2
DA:114,2
DA:116,1
DA:118,1
DA:126,5
DA:127,2
DA:129,2
DA:131,2
DA:133,2
DA:135,1
DA:137,1
DA:145,5
DA:148,1
DA:149,6
DA:151,6
DA:153,1
DA:156,5
DA:158,5
DA:160,5
DA:161,5
DA:163,5
DA:164,5
DA:166,5
DA:168,5
DA:170,5
DA:172,5
DA:174,1
DA:176,4
DA:178,4
DA:179,3
DA:181,3
DA:184,4
DA:186,4
DA:188,4
DA:190,0
DA:193,4
LF:82
LH:80
BRDA:30,0,0,3
BRDA:30,0,1,0
BRDA:91,1,0,1
BRDA:91,1,1,1
BRDA:95,2,0,0
BRDA:95,2,1,1
BRDA:110,3,0,0
BRDA:110,3,1,2
BRDA:114,4,0,1
BRDA:114,4,1,1
BRDA:129,5,0,0
BRDA:129,5,1,2
BRDA:133,6,0,1
BRDA:133,6,1,1
BRDA:148,7,0,0
BRF:15
BRH:10
end_of_record
