TN:
SF:src/pageLoader.js
FN:9,(anonymous_0)
FN:22,(anonymous_1)
FN:26,(anonymous_2)
FN:44,(anonymous_3)
FN:48,(anonymous_4)
FN:67,(anonymous_5)
FN:75,(anonymous_6)
FN:94,(anonymous_7)
FN:113,(anonymous_8)
FN:135,(anonymous_9)
FN:136,(anonymous_10)
FN:142,(anonymous_11)
FN:149,(anonymous_12)
FN:150,(anonymous_13)
FN:162,(anonymous_14)
FNF:15
FNH:15
FNDA:10,(anonymous_0)
FNDA:5,(anonymous_1)
FNDA:3,(anonymous_2)
FNDA:6,(anonymous_3)
FNDA:5,(anonymous_4)
FNDA:5,(anonymous_5)
FNDA:2,(anonymous_6)
FNDA:2,(anonymous_7)
FNDA:2,(anonymous_8)
FNDA:4,(anonymous_9)
FNDA:3,(anonymous_10)
FNDA:3,(anonymous_11)
FNDA:4,(anonymous_12)
FNDA:3,(anonymous_13)
FNDA:4,(anonymous_14)
DA:7,1
DA:9,1
DA:10,10
DA:12,10
DA:14,10
DA:19,10
DA:22,1
DA:23,5
DA:26,1
DA:27,3
DA:29,3
DA:31,3
DA:33,3
DA:38,3
DA:39,3
DA:41,3
DA:44,1
DA:45,6
DA:47,6
DA:49,5
DA:51,5
DA:53,5
DA:54,5
DA:56,5
DA:57,5
DA:59,5
DA:61,5
DA:62,5
DA:63,5
DA:65,5
DA:67,5
DA:68,5
DA:69,5
DA:71,5
DA:75,5
DA:76,2
DA:78,2
DA:80,1
DA:82,1
DA:84,1
DA:86,1
DA:94,5
DA:95,2
DA:97,2
DA:99,2
DA:101,2
DA:103,1
DA:105,1
DA:113,5
DA:114,2
DA:116,2
DA:118,2
DA:120,2
DA:122,1
DA:124,1
DA:132,5
DA:134,5
DA:135,4
DA:137,3
DA:139,3
DA:143,3
DA:145,3
DA:150,4
DA:151,3
DA:153,3
DA:156,4
DA:158,4
DA:160,4
DA:162,4
LF:69
LH:69
BRDA:44,0,0,0
BRDA:71,1,0,5
BRDA:71,1,1,2
BRDA:78,2,0,1
BRDA:78,2,1,1
BRDA:82,3,0,0
BRDA:82,3,1,1
BRDA:97,4,0,0
BRDA:97,4,1,2
BRDA:101,5,0,1
BRDA:101,5,1,1
BRDA:116,6,0,0
BRDA:116,6,1,2
BRDA:120,7,0,1
BRDA:120,7,1,1
BRF:15
BRH:11
end_of_record
